<?xml version="1.0" encoding="UTF-8"?>
<!-- Generated by org.testng.reporters.JUnitReportReporter -->
<testsuite skipped="0" hostname="LAPTOP-22472JL6" name="com.bridgelabz.selenium.ZooplaTest" tests="3" failures="0" timestamp="2021-06-18T13:10:15 IST" time="25.470" errors="0">
  <testcase name="loginZoopla" time="9.703" classname="com.bridgelabz.selenium.ZooplaTest"/>
  <system-out/>
  <testcase name="searchCity" time="14.074" classname="com.bridgelabz.selenium.ZooplaTest"/>
  <system-out/>
  <testcase name="printProperties" time="1.693" classname="com.bridgelabz.selenium.ZooplaTest"/>
  <system-out/>
</testsuite> <!-- com.bridgelabz.selenium.ZooplaTest -->
